# JRE version: OpenJDK Runtime Environment Temurin-17.0.13+11 (17.0.13+11) (build 17.0.13+11)
# Java VM: OpenJDK 64-Bit Server VM Temurin-17.0.13+11 (17.0.13+11, mixed mode, sharing, tiered, compressed oops, compressed class ptrs, g1 gc, windows-amd64)
GC Precious Log:
 CPUs: 4 total, 4 available
 Memory: 8072M
 Large Page Support: Disabled
 NUMA Support: Disabled
 Compressed Oops: Enabled (32-bit)
 Heap Region Size: 1M
 Heap Min Capacity: 8M
 Heap Initial Capacity: 128M
 Heap Max Capacity: 2G
 Pre-touch: Disabled
 Parallel Workers: 4
 Concurrent Workers: 1
 Concurrent Refinement Workers: 4
 Periodic GC: Disabled
Heap:
 garbage-first heap   total 171008K, used 99079K [0x0000000080000000, 0x0000000100000000)
  region size 1024K, 1 young (1024K), 1 survivors (1024K)
 Metaspace       used 80412K, committed 81344K, reserved 557056K
  class space    used 11195K, committed 11648K, reserved 425984K
GC Heap History (20 events):
Event: 39.870 GC heap after
{Heap after GC invocations=33 (full 0):
 garbage-first heap   total 146432K, used 72753K [0x0000000080000000, 0x0000000100000000)
  region size 1024K, 3 young (3072K), 3 survivors (3072K)
 Metaspace       used 73994K, committed 74752K, reserved 491520K
  class space    used 10326K, committed 10688K, reserved 425984K
}
Event: 42.081 GC heap before
{Heap before GC invocations=34 (full 0):
 garbage-first heap   total 146432K, used 114737K [0x0000000080000000, 0x0000000100000000)
  region size 1024K, 45 young (46080K), 3 survivors (3072K)
 Metaspace       used 76276K, committed 76992K, reserved 557056K
  class space    used 10726K, committed 11072K, reserved 425984K
}
Event: 42.097 GC heap after
{Heap after GC invocations=35 (full 0):
 garbage-first heap   total 146432K, used 76738K [0x0000000080000000, 0x0000000100000000)
  region size 1024K, 6 young (6144K), 6 survivors (6144K)
 Metaspace       used 76276K, committed 76992K, reserved 557056K
  class space    used 10726K, committed 11072K, reserved 425984K
}
Event: 42.388 GC heap before
{Heap before GC invocations=35 (full 0):
 garbage-first heap   total 146432K, used 80834K [0x0000000080000000, 0x0000000100000000)
  region size 1024K, 11 young (11264K), 6 survivors (6144K)
 Metaspace       used 76464K, committed 77248K, reserved 557056K
  class space    used 10755K, committed 11136K, reserved 425984K
}
Event: 42.403 GC heap after
{Heap after GC invocations=36 (full 0):
 garbage-first heap   total 146432K, used 78207K [0x0000000080000000, 0x0000000100000000)
  region size 1024K, 2 young (2048K), 2 survivors (2048K)
 Metaspace       used 76464K, committed 77248K, reserved 557056K
  class space    used 10755K, committed 11136K, reserved 425984K
}
Event: 44.757 GC heap before
{Heap before GC invocations=37 (full 0):
 garbage-first heap   total 146432K, used 118143K [0x0000000080000000, 0x0000000100000000)
  region size 1024K, 40 young (40960K), 2 survivors (2048K)
 Metaspace       used 78014K, committed 78848K, reserved 557056K
  class space    used 10912K, committed 11328K, reserved 425984K
}
Event: 44.772 GC heap after
{Heap after GC invocations=38 (full 0):
 garbage-first heap   total 146432K, used 82145K [0x0000000080000000, 0x0000000100000000)
  region size 1024K, 5 young (5120K), 5 survivors (5120K)
 Metaspace       used 78014K, committed 78848K, reserved 557056K
  class space    used 10912K, committed 11328K, reserved 425984K
}
Event: 44.885 GC heap before
{Heap before GC invocations=38 (full 0):
 garbage-first heap   total 146432K, used 84193K [0x0000000080000000, 0x0000000100000000)
  region size 1024K, 7 young (7168K), 5 survivors (5120K)
 Metaspace       used 78055K, committed 78912K, reserved 557056K
  class space    used 10913K, committed 11328K, reserved 425984K
}
Event: 44.898 GC heap after
{Heap after GC invocations=39 (full 0):
 garbage-first heap   total 146432K, used 82635K [0x0000000080000000, 0x0000000100000000)
  region size 1024K, 1 young (1024K), 1 survivors (1024K)
 Metaspace       used 78055K, committed 78912K, reserved 557056K
  class space    used 10913K, committed 11328K, reserved 425984K
}
Event: 46.185 GC heap before
{Heap before GC invocations=39 (full 0):
 garbage-first heap   total 146432K, used 117451K [0x0000000080000000, 0x0000000100000000)
  region size 1024K, 36 young (36864K), 1 survivors (1024K)
 Metaspace       used 78197K, committed 79040K, reserved 557056K
  class space    used 10913K, committed 11328K, reserved 425984K
}
Event: 46.193 GC heap after
{Heap after GC invocations=40 (full 0):
 garbage-first heap   total 146432K, used 84097K [0x0000000080000000, 0x0000000100000000)
  region size 1024K, 3 young (3072K), 3 survivors (3072K)
 Metaspace       used 78197K, committed 79040K, reserved 557056K
  class space    used 10913K, committed 11328K, reserved 425984K
}
Event: 47.317 GC heap before
{Heap before GC invocations=41 (full 0):
 garbage-first heap   total 155648K, used 117889K [0x0000000080000000, 0x0000000100000000)
  region size 1024K, 37 young (37888K), 3 survivors (3072K)
 Metaspace       used 78232K, committed 79104K, reserved 557056K
  class space    used 10917K, committed 11328K, reserved 425984K
}
Event: 47.327 GC heap after
{Heap after GC invocations=42 (full 0):
 garbage-first heap   total 155648K, used 85556K [0x0000000080000000, 0x0000000100000000)
  region size 1024K, 4 young (4096K), 4 survivors (4096K)
 Metaspace       used 78232K, committed 79104K, reserved 557056K
  class space    used 10917K, committed 11328K, reserved 425984K
}
Event: 47.395 GC heap before
{Heap before GC invocations=42 (full 0):
 garbage-first heap   total 155648K, used 87604K [0x0000000080000000, 0x0000000100000000)
  region size 1024K, 7 young (7168K), 4 survivors (4096K)
 Metaspace       used 78232K, committed 79104K, reserved 557056K
  class space    used 10917K, committed 11328K, reserved 425984K
}
Event: 47.405 GC heap after
{Heap after GC invocations=43 (full 0):
 garbage-first heap   total 155648K, used 85331K [0x0000000080000000, 0x0000000100000000)
  region size 1024K, 1 young (1024K), 1 survivors (1024K)
 Metaspace       used 78232K, committed 79104K, reserved 557056K
  class space    used 10917K, committed 11328K, reserved 425984K
}
Event: 48.713 GC heap before
{Heap before GC invocations=43 (full 0):
 garbage-first heap   total 155648K, used 130387K [0x0000000080000000, 0x0000000100000000)
  region size 1024K, 42 young (43008K), 1 survivors (1024K)
 Metaspace       used 78261K, committed 79104K, reserved 557056K
  class space    used 10921K, committed 11328K, reserved 425984K
}
Event: 48.720 GC heap after
{Heap after GC invocations=44 (full 0):
 garbage-first heap   total 155648K, used 94616K [0x0000000080000000, 0x0000000100000000)
  region size 1024K, 6 young (6144K), 6 survivors (6144K)
 Metaspace       used 78261K, committed 79104K, reserved 557056K
  class space    used 10921K, committed 11328K, reserved 425984K
}
Event: 49.816 GC heap before
{Heap before GC invocations=45 (full 0):
 garbage-first heap   total 171008K, used 128408K [0x0000000080000000, 0x0000000100000000)
  region size 1024K, 37 young (37888K), 6 survivors (6144K)
 Metaspace       used 80135K, committed 81024K, reserved 557056K
  class space    used 11157K, committed 11584K, reserved 425984K
}
Event: 49.827 GC heap after
{Heap after GC invocations=46 (full 0):
 garbage-first heap   total 171008K, used 99636K [0x0000000080000000, 0x0000000100000000)
  region size 1024K, 4 young (4096K), 4 survivors (4096K)
 Metaspace       used 80135K, committed 81024K, reserved 557056K
  class space    used 11157K, committed 11584K, reserved 425984K
}
Event: 50.036 GC heap before
{Heap before GC invocations=46 (full 0):
 garbage-first heap   total 171008K, used 102708K [0x0000000080000000, 0x0000000100000000)
  region size 1024K, 8 young (8192K), 4 survivors (4096K)
 Metaspace       used 80412K, committed 81344K, reserved 557056K
  class space    used 11195K, committed 11648K, reserved 425984K
}

